{
  "RSpec": {
    "coverage": {
      "/home/clever-map-2803/tic-tac-toe-rb-online-web-sp-000/lib/tic_tac_toe.rb": [
        null,
        1,
        null,
        null,
        null,
        null,
        null,
        null,
        null,
        null,
        null,
        1,
        18,
        18,
        18,
        18,
        18,
        null,
        null,
        1,
        18,
        null,
        null,
        1,
        18,
        null,
        null,
        1,
        36,
        null,
        null,
        1,
        36,
        null,
        null,
        1,
        18,
        18,
        18,
        18,
        18,
        18,
        18,
        null,
        0,
        null,
        null,
        null,
        1,
        180,
        18,
        null,
        null,
        1,
        18,
        null,
        null,
        1,
        18,
        477,
        4,
        null,
        null,
        14,
        null,
        null,
        1,
        105,
        null,
        null,
        1,
        11,
        null,
        null,
        1,
        19,
        null,
        null,
        1,
        0,
        0,
        null,
        null,
        null,
        null,
        null,
        1,
        12,
        18,
        null,
        null
      ]
    },
    "timestamp": 1569471151
  }
}
