{
  "RSpec": {
    "coverage": {
      "/home/clever-map-2803/tic-tac-toe-rb-online-web-sp-000/lib/tic_tac_toe.rb": [
        null,
        1,
        null,
        null,
        null,
        null,
        null,
        null,
        null,
        null,
        null,
        1,
        2,
        2,
        2,
        2,
        2,
        null,
        null,
        1,
        6,
        null,
        null,
        1,
        3,
        null,
        null,
        1,
        13,
        null,
        null,
        1,
        9,
        null,
        null,
        1,
        3,
        3,
        3,
        3,
        2,
        0,
        null,
        1,
        null,
        null,
        null,
        1,
        2,
        1,
        null
      ]
    },
    "timestamp": 1569468697
  }
}
